<?xml version="1.0" encoding="UTF-8" ?>
<testsuite failures="0" time="0.829" errors="1" skipped="0" tests="21" name="ua.pti.myatm.ATMTest">
  <properties>
[...]
</properties>
  <testcase time="0.006" classname="ua.pti.myatm.ATMTest" name="testInitializeATMWithIllegalMoney"/>
  <testcase time="0.559" classname="ua.pti.myatm.ATMTest" name="testGetCashWithMoreAmountThanInATM"/>
  <testcase time="0.001" classname="ua.pti.myatm.ATMTest" name="testGetCashWithIllegalAmount"/>
  <testcase time="0.042" classname="ua.pti.myatm.ATMTest" name="validateIllegalCardVerifyCheckPin"/>
  <testcase time="0" classname="ua.pti.myatm.ATMTest" name="testInitializeATMWithBoundaryMoney"/>
  <testcase time="0.001" classname="ua.pti.myatm.ATMTest" name="testValidateCardWithIncorrectPinCode"/>
  <testcase time="0.003" classname="ua.pti.myatm.ATMTest" name="testGetCashWithNoCardInserted"/>
  <testcase time="0" classname="ua.pti.myatm.ATMTest" name="testInitializeATMWithNormalMoney"/>
  <testcase time="0.002" classname="ua.pti.myatm.ATMTest" name="testGetCash"/>
  <testcase time="0.005" classname="ua.pti.myatm.ATMTest" name="validateIllegalCardWithRightAndIllegalTry"/>
  <testcase time="0.001" classname="ua.pti.myatm.ATMTest" name="testValidateCardWithRightData"/>
  <testcase time="0.001" classname="ua.pti.myatm.ATMTest" name="testValidateCardWithBlockedCard"/>
  <testcase time="0.001" classname="ua.pti.myatm.ATMTest" name="testGetCashBoundaryBottom"/>
  <testcase time="0" classname="ua.pti.myatm.ATMTest" name="testGetMoneyInATM"/>
  <testcase time="0.01" classname="ua.pti.myatm.ATMTest" name="testGetCashBoundaryTop">
    <error type="java.lang.IllegalArgumentException">java.lang.IllegalArgumentException
	at ua.pti.myatm.ATM.getCash(ATM.java:89)
	at ua.pti.myatm.ATMTest.testGetCashBoundaryTop(ATMTest.java:177)
	at sun.reflect.NativeMethodAccessorImpl.invoke0(Native Method)
	at sun.reflect.NativeMethodAccessorImpl.invoke(NativeMethodAccessorImpl.java:57)
	at sun.reflect.DelegatingMethodAccessorImpl.invoke(DelegatingMethodAccessorImpl.java:43)
	at java.lang.reflect.Method.invoke(Method.java:606)
	at org.junit.runners.model.FrameworkMethod$1.runReflectiveCall(FrameworkMethod.java:47)
	at org.junit.internal.runners.model.ReflectiveCallable.run(ReflectiveCallable.java:12)
	at org.junit.runners.model.FrameworkMethod.invokeExplosively(FrameworkMethod.java:44)
	at org.junit.internal.runners.statements.InvokeMethod.evaluate(InvokeMethod.java:17)
	at org.junit.runners.ParentRunner.runLeaf(ParentRunner.java:271)
	at org.junit.runners.BlockJUnit4ClassRunner.runChild(BlockJUnit4ClassRunner.java:70)
	at org.junit.runners.BlockJUnit4ClassRunner.runChild(BlockJUnit4ClassRunner.java:50)
	at org.junit.runners.ParentRunner$3.run(ParentRunner.java:238)
	at org.junit.runners.ParentRunner$1.schedule(ParentRunner.java:63)
	at org.junit.runners.ParentRunner.runChildren(ParentRunner.java:236)
	at org.junit.runners.ParentRunner.access$000(ParentRunner.java:53)
	at org.junit.runners.ParentRunner$2.evaluate(ParentRunner.java:229)
	at org.junit.runners.ParentRunner.run(ParentRunner.java:309)
	at org.apache.maven.surefire.junit4.JUnit4TestSet.execute(JUnit4TestSet.java:53)
	at org.apache.maven.surefire.junit4.JUnit4Provider.executeTestSet(JUnit4Provider.java:123)
	at org.apache.maven.surefire.junit4.JUnit4Provider.invoke(JUnit4Provider.java:104)
	at sun.reflect.NativeMethodAccessorImpl.invoke0(Native Method)
	at sun.reflect.NativeMethodAccessorImpl.invoke(NativeMethodAccessorImpl.java:57)
	at sun.reflect.DelegatingMethodAccessorImpl.invoke(DelegatingMethodAccessorImpl.java:43)
	at java.lang.reflect.Method.invoke(Method.java:606)
	at org.apache.maven.surefire.util.ReflectionUtils.invokeMethodWithArray(ReflectionUtils.java:164)
	at org.apache.maven.surefire.booter.ProviderFactory$ProviderProxy.invoke(ProviderFactory.java:110)
	at org.apache.maven.surefire.booter.SurefireStarter.invokeProvider(SurefireStarter.java:175)
	at org.apache.maven.surefire.booter.SurefireStarter.runSuitesInProcessWhenForked(SurefireStarter.java:107)
	at org.apache.maven.surefire.booter.ForkedBooter.main(ForkedBooter.java:68)
</error>
  </testcase>
  <testcase time="0.001" classname="ua.pti.myatm.ATMTest" name="testCheckBalance"/>
  <testcase time="0.001" classname="ua.pti.myatm.ATMTest" name="testCheckBalanceFromNoInsertedCard"/>
  <testcase time="0.003" classname="ua.pti.myatm.ATMTest" name="validateIllegalCardWith2Cards"/>
  <testcase time="0.001" classname="ua.pti.myatm.ATMTest" name="validateIllegalCardWith2IllegalTry"/>
  <testcase time="0.002" classname="ua.pti.myatm.ATMTest" name="validateIllegalCard3"/>
  <testcase time="0.002" classname="ua.pti.myatm.ATMTest" name="testGetCashWithMoreAmountThanOnAccount"/>
</testsuite>